SELL SIGNAL: 2025-03-11 - hist=-3.1413, hist_prev=-2.4480, hist_color=maroon
SELL SIGNAL: 2025-03-12 - hist=-3.7760, hist_prev=-3.1413, hist_color=maroon
SELL SIGNAL: 2025-03-13 - hist=-4.5266, hist_prev=-3.7760, hist_color=maroon
SELL SIGNAL: 2025-03-14 - hist=-4.5434, hist_prev=-4.5266, hist_color=maroon
BUY SIGNAL: 2025-03-25 - hist=0.4995, hist_prev=-0.4709, hist_color=lime
BUY SIGNAL: 2025-03-26 - hist=0.9730, hist_prev=0.4995, hist_color=lime
BUY SIGNAL: 2025-03-27 - hist=1.4258, hist_prev=0.9730, hist_color=lime
BUY SIGNAL: 2025-03-31 - hist=1.3631, hist_prev=1.2569, hist_color=lime
BUY SIGNAL: 2025-04-01 - hist=1.4448, hist_prev=1.3631, hist_color=lime
BUY SIGNAL: 2025-04-02 - hist=1.4615, hist_prev=1.4448, hist_color=lime
SELL SIGNAL: 2025-04-03 - hist=-0.0545, hist_prev=1.4615, hist_color=maroon
SELL SIGNAL: 2025-04-04 - hist=-2.1333, hist_prev=-0.0545, hist_color=maroon
SELL SIGNAL: 2025-04-07 - hist=-3.9142, hist_prev=-2.1333, hist_color=maroon
SELL SIGNAL: 2025-04-08 - hist=-5.5498, hist_prev=-3.9142, hist_color=maroon
BUY SIGNAL: 2025-04-15 - hist=0.2233, hist_prev=-1.1609, hist_color=lime
BUY SIGNAL: 2025-04-16 - hist=0.7583, hist_prev=0.2233, hist_color=lime
BUY SIGNAL: 2025-04-17 - hist=1.3084, hist_prev=0.7583, hist_color=lime
BUY SIGNAL: 2025-04-21 - hist=1.3174, hist_prev=1.3084, hist_color=lime
BUY SIGNAL: 2025-04-22 - hist=1.5912, hist_prev=1.3174, hist_color=lime
BUY SIGNAL: 2025-04-23 - hist=2.1231, hist_prev=1.5912, hist_color=lime
BUY SIGNAL: 2025-04-24 - hist=2.6569, hist_prev=2.1231, hist_color=lime
BUY SIGNAL: 2025-04-25 - hist=3.0188, hist_prev=2.6569, hist_color=lime
BUY SIGNAL: 2025-04-28 - hist=3.2690, hist_prev=3.0188, hist_color=lime
BUY SIGNAL: 2025-04-29 - hist=3.4328, hist_prev=3.2690, hist_color=lime
BUY SIGNAL: 2025-04-30 - hist=3.4635, hist_prev=3.4328, hist_color=lime
SELL SIGNAL: 2025-05-07 - hist=-0.4319, hist_prev=0.3771, hist_color=maroon
SELL SIGNAL: 2025-05-08 - hist=-0.8581, hist_prev=-0.4319, hist_color=maroon
SELL SIGNAL: 2025-05-09 - hist=-0.9969, hist_prev=-0.8581, hist_color=maroon
BUY SIGNAL: 2025-05-13 - hist=0.7742, hist_prev=-0.0965, hist_color=lime
BUY SIGNAL: 2025-05-14 - hist=1.4061, hist_prev=0.7742, hist_color=lime
BUY SIGNAL: 2025-05-15 - hist=1.7587, hist_prev=1.4061, hist_color=lime
BUY SIGNAL: 2025-05-16 - hist=1.8881, hist_prev=1.7587, hist_color=lime
SELL SIGNAL: 2025-05-22 - hist=-0.2309, hist_prev=0.4681, hist_color=maroon
SELL SIGNAL: 2025-05-23 - hist=-1.1234, hist_prev=-0.2309, hist_color=maroon
SELL SIGNAL: 2025-05-27 - hist=-1.3040, hist_prev=-1.1234, hist_color=maroon
SELL SIGNAL: 2025-05-28 - hist=-1.3087, hist_prev=-1.3040, hist_color=maroon
BUY SIGNAL: 2025-06-04 - hist=0.0422, hist_prev=-0.2480, hist_color=lime
BUY SIGNAL: 2025-06-05 - hist=0.1013, hist_prev=0.0422, hist_color=lime
BUY SIGNAL: 2025-06-06 - hist=0.3317, hist_prev=0.1013, hist_color=lime
BUY SIGNAL: 2025-06-10 - hist=0.3506, hist_prev=0.3010, hist_color=lime
SELL SIGNAL: 2025-06-12 - hist=-0.0739, hist_prev=0.0862, hist_color=maroon
SELL SIGNAL: 2025-06-13 - hist=-0.3710, hist_prev=-0.0739, hist_color=maroon
SELL SIGNAL: 2025-06-16 - hist=-0.3998, hist_prev=-0.3710, hist_color=maroon
SELL SIGNAL: 2025-06-17 - hist=-0.5756, hist_prev=-0.3998, hist_color=maroon
SELL SIGNAL: 2025-06-18 - hist=-0.5961, hist_prev=-0.5756, hist_color=maroon
BUY SIGNAL: 2025-06-23 - hist=0.1029, hist_prev=-0.2277, hist_color=lime
BUY SIGNAL: 2025-06-24 - hist=0.2861, hist_prev=0.1029, hist_color=lime
BUY SIGNAL: 2025-06-25 - hist=0.5022, hist_prev=0.2861, hist_color=lime
BUY SIGNAL: 2025-06-26 - hist=0.6052, hist_prev=0.5022, hist_color=lime
BUY SIGNAL: 2025-06-27 - hist=0.6444, hist_prev=0.6052, hist_color=lime
BUY SIGNAL: 2025-06-30 - hist=0.9337, hist_prev=0.6444, hist_color=lime
DEBUG 2025-07-01: hist_curr=1.2530, hist_prev=0.9337, hist_color=lime, line_red=False, line_green=True
BUY SIGNAL: 2025-07-01 - hist=1.2530, hist_prev=0.9337, hist_color=lime
DEBUG 2025-07-02: hist_curr=1.7163, hist_prev=1.2530, hist_color=lime, line_red=False, line_green=True
BUY SIGNAL: 2025-07-02 - hist=1.7163, hist_prev=1.2530, hist_color=lime
DEBUG 2025-07-03: hist_curr=2.0371, hist_prev=1.7163, hist_color=lime, line_red=False, line_green=True
BUY SIGNAL: 2025-07-03 - hist=2.0371, hist_prev=1.7163, hist_color=lime
DEBUG 2025-07-07: hist_curr=1.9039, hist_prev=2.0371, hist_color=green, line_red=False, line_green=True
DEBUG 2025-07-08: hist_curr=1.6967, hist_prev=1.9039, hist_color=green, line_red=False, line_green=True
DEBUG 2025-07-09: hist_curr=1.5203, hist_prev=1.6967, hist_color=green, line_red=False, line_green=True
DEBUG 2025-07-10: hist_curr=1.3649, hist_prev=1.5203, hist_color=green, line_red=False, line_green=True
DEBUG 2025-07-11: hist_curr=1.0390, hist_prev=1.3649, hist_color=green, line_red=False, line_green=True
DEBUG 2025-07-14: hist_curr=0.5391, hist_prev=1.0390, hist_color=green, line_red=False, line_green=True
DEBUG 2025-07-15: hist_curr=0.1688, hist_prev=0.5391, hist_color=green, line_red=False, line_green=True
DEBUG 2025-07-16: hist_curr=-0.0194, hist_prev=0.1688, hist_color=maroon, line_red=True, line_green=False
SELL SIGNAL: 2025-07-16 - hist=-0.0194, hist_prev=0.1688, hist_color=maroon
DEBUG 2025-07-17: hist_curr=-0.1466, hist_prev=-0.0194, hist_color=maroon, line_red=True, line_green=False
SELL SIGNAL: 2025-07-17 - hist=-0.1466, hist_prev=-0.0194, hist_color=maroon
DEBUG 2025-07-18: hist_curr=-0.1631, hist_prev=-0.1466, hist_color=maroon, line_red=True, line_green=False
SELL SIGNAL: 2025-07-18 - hist=-0.1631, hist_prev=-0.1466, hist_color=maroon
DEBUG 2025-07-21: hist_curr=-0.0925, hist_prev=-0.1631, hist_color=red, line_red=True, line_green=False
DEBUG 2025-07-22: hist_curr=0.0878, hist_prev=-0.0925, hist_color=lime, line_red=False, line_green=True
BUY SIGNAL: 2025-07-22 - hist=0.0878, hist_prev=-0.0925, hist_color=lime
DEBUG 2025-07-23: hist_curr=0.1928, hist_prev=0.0878, hist_color=lime, line_red=False, line_green=True
BUY SIGNAL: 2025-07-23 - hist=0.1928, hist_prev=0.0878, hist_color=lime
DEBUG 2025-07-24: hist_curr=0.2189, hist_prev=0.1928, hist_color=lime, line_red=False, line_green=True
BUY SIGNAL: 2025-07-24 - hist=0.2189, hist_prev=0.1928, hist_color=lime
DEBUG 2025-07-25: hist_curr=0.1998, hist_prev=0.2189, hist_color=green, line_red=False, line_green=True
DEBUG 2025-07-28: hist_curr=0.1524, hist_prev=0.1998, hist_color=green, line_red=False, line_green=True
DEBUG 2025-07-29: hist_curr=-0.1176, hist_prev=0.1524, hist_color=maroon, line_red=True, line_green=False
SELL SIGNAL: 2025-07-29 - hist=-0.1176, hist_prev=0.1524, hist_color=maroon
DEBUG 2025-07-30: hist_curr=-0.4959, hist_prev=-0.1176, hist_color=maroon, line_red=True, line_green=False
SELL SIGNAL: 2025-07-30 - hist=-0.4959, hist_prev=-0.1176, hist_color=maroon
DEBUG 2025-07-31: hist_curr=-0.8725, hist_prev=-0.4959, hist_color=maroon, line_red=True, line_green=False
SELL SIGNAL: 2025-07-31 - hist=-0.8725, hist_prev=-0.4959, hist_color=maroon
DEBUG 2025-08-01: hist_curr=-1.4815, hist_prev=-0.8725, hist_color=maroon, line_red=True, line_green=False
SELL SIGNAL: 2025-08-01 - hist=-1.4815, hist_prev=-0.8725, hist_color=maroon
DEBUG 2025-08-04: hist_curr=-1.7668, hist_prev=-1.4815, hist_color=maroon, line_red=True, line_green=False
SELL SIGNAL: 2025-08-04 - hist=-1.7668, hist_prev=-1.4815, hist_color=maroon
DEBUG 2025-08-05: hist_curr=-1.9050, hist_prev=-1.7668, hist_color=maroon, line_red=True, line_green=False
SELL SIGNAL: 2025-08-05 - hist=-1.9050, hist_prev=-1.7668, hist_color=maroon
DEBUG 2025-08-06: hist_curr=-1.1648, hist_prev=-1.9050, hist_color=red, line_red=True, line_green=False
DEBUG 2025-08-07: hist_curr=-0.0863, hist_prev=-1.1648, hist_color=red, line_red=True, line_green=False
DEBUG 2025-08-08: hist_curr=1.3663, hist_prev=-0.0863, hist_color=lime, line_red=False, line_green=True
BUY SIGNAL: 2025-08-08 - hist=1.3663, hist_prev=-0.0863, hist_color=lime
DEBUG 2025-08-11: hist_curr=2.1935, hist_prev=1.3663, hist_color=lime, line_red=False, line_green=True
BUY SIGNAL: 2025-08-11 - hist=2.1935, hist_prev=1.3663, hist_color=lime
DEBUG 2025-08-12: hist_curr=2.8290, hist_prev=2.1935, hist_color=lime, line_red=False, line_green=True
BUY SIGNAL: 2025-08-12 - hist=2.8290, hist_prev=2.1935, hist_color=lime
DEBUG 2025-08-13: hist_curr=3.3577, hist_prev=2.8290, hist_color=lime, line_red=False, line_green=True
BUY SIGNAL: 2025-08-13 - hist=3.3577, hist_prev=2.8290, hist_color=lime
DEBUG 2025-08-14: hist_curr=3.4187, hist_prev=3.3577, hist_color=lime, line_red=False, line_green=True
BUY SIGNAL: 2025-08-14 - hist=3.4187, hist_prev=3.3577, hist_color=lime
DEBUG 2025-08-15: hist_curr=3.0805, hist_prev=3.4187, hist_color=green, line_red=False, line_green=True
DEBUG 2025-08-18: hist_curr=2.4750, hist_prev=3.0805, hist_color=green, line_red=False, line_green=True
DEBUG 2025-08-19: hist_curr=1.7906, hist_prev=2.4750, hist_color=green, line_red=False, line_green=True
DEBUG 2025-08-20: hist_curr=0.8162, hist_prev=1.7906, hist_color=green, line_red=False, line_green=True
DEBUG 2025-08-21: hist_curr=-0.0078, hist_prev=0.8162, hist_color=maroon, line_red=True, line_green=False
SELL SIGNAL: 2025-08-21 - hist=-0.0078, hist_prev=0.8162, hist_color=maroon
DEBUG 2025-08-22: hist_curr=-0.4305, hist_prev=-0.0078, hist_color=maroon, line_red=True, line_green=False
SELL SIGNAL: 2025-08-22 - hist=-0.4305, hist_prev=-0.0078, hist_color=maroon
DEBUG 2025-08-25: hist_curr=-0.7826, hist_prev=-0.4305, hist_color=maroon, line_red=True, line_green=False
SELL SIGNAL: 2025-08-25 - hist=-0.7826, hist_prev=-0.4305, hist_color=maroon
DEBUG 2025-08-26: hist_curr=-0.8426, hist_prev=-0.7826, hist_color=maroon, line_red=True, line_green=False
SELL SIGNAL: 2025-08-26 - hist=-0.8426, hist_prev=-0.7826, hist_color=maroon
DEBUG 2025-08-27: hist_curr=-0.7656, hist_prev=-0.8426, hist_color=red, line_red=True, line_green=False
DEBUG 2025-08-28: hist_curr=-0.5403, hist_prev=-0.7656, hist_color=red, line_red=True, line_green=False
DEBUG 2025-08-29: hist_curr=-0.4021, hist_prev=-0.5403, hist_color=red, line_red=True, line_green=False
DEBUG 2025-09-02: hist_curr=-0.4746, hist_prev=-0.4021, hist_color=maroon, line_red=True, line_green=False
SELL SIGNAL: 2025-09-02 - hist=-0.4746, hist_prev=-0.4021, hist_color=maroon
DEBUG 2025-09-03: hist_curr=0.0609, hist_prev=-0.4746, hist_color=lime, line_red=False, line_green=True
BUY SIGNAL: 2025-09-03 - hist=0.0609, hist_prev=-0.4746, hist_color=lime
DEBUG 2025-09-04: hist_curr=0.4524, hist_prev=0.0609, hist_color=lime, line_red=False, line_green=True
BUY SIGNAL: 2025-09-04 - hist=0.4524, hist_prev=0.0609, hist_color=lime
DEBUG 2025-09-05: hist_curr=0.6412, hist_prev=0.4524, hist_color=lime, line_red=False, line_green=True
BUY SIGNAL: 2025-09-05 - hist=0.6412, hist_prev=0.4524, hist_color=lime
DEBUG 2025-09-08: hist_curr=0.5427, hist_prev=0.6412, hist_color=green, line_red=False, line_green=True
DEBUG 2025-09-09: hist_curr=0.1333, hist_prev=0.5427, hist_color=green, line_red=False, line_green=True
DEBUG 2025-09-10: hist_curr=-0.7587, hist_prev=0.1333, hist_color=maroon, line_red=True, line_green=False
SELL SIGNAL: 2025-09-10 - hist=-0.7587, hist_prev=0.1333, hist_color=maroon
DEBUG 2025-09-11: hist_curr=-1.1683, hist_prev=-0.7587, hist_color=maroon, line_red=True, line_green=False
SELL SIGNAL: 2025-09-11 - hist=-1.1683, hist_prev=-0.7587, hist_color=maroon
DEBUG 2025-09-12: hist_curr=-1.1710, hist_prev=-1.1683, hist_color=maroon, line_red=True, line_green=False
SELL SIGNAL: 2025-09-12 - hist=-1.1710, hist_prev=-1.1683, hist_color=maroon
DEBUG 2025-09-15: hist_curr=-1.0120, hist_prev=-1.1710, hist_color=red, line_red=True, line_green=False
DEBUG 2025-09-16: hist_curr=-0.7574, hist_prev=-1.0120, hist_color=red, line_red=True, line_green=False
DEBUG 2025-09-17: hist_curr=-0.4755, hist_prev=-0.7574, hist_color=red, line_red=True, line_green=False
DEBUG 2025-09-18: hist_curr=-0.3216, hist_prev=-0.4755, hist_color=red, line_red=True, line_green=False
DEBUG 2025-09-19: hist_curr=0.3425, hist_prev=-0.3216, hist_color=lime, line_red=False, line_green=True
BUY SIGNAL: 2025-09-19 - hist=0.3425, hist_prev=-0.3216, hist_color=lime
DEBUG 2025-09-22: hist_curr=1.5096, hist_prev=0.3425, hist_color=lime, line_red=False, line_green=True
BUY SIGNAL: 2025-09-22 - hist=1.5096, hist_prev=0.3425, hist_color=lime
DEBUG 2025-09-23: hist_curr=2.0305, hist_prev=1.5096, hist_color=lime, line_red=False, line_green=True
BUY SIGNAL: 2025-09-23 - hist=2.0305, hist_prev=1.5096, hist_color=lime
DEBUG 2025-09-24: hist_curr=2.0493, hist_prev=2.0305, hist_color=lime, line_red=False, line_green=True
BUY SIGNAL: 2025-09-24 - hist=2.0493, hist_prev=2.0305, hist_color=lime
DEBUG 2025-09-25: hist_curr=2.2022, hist_prev=2.0493, hist_color=lime, line_red=False, line_green=True
BUY SIGNAL: 2025-09-25 - hist=2.2022, hist_prev=2.0493, hist_color=lime
DEBUG 2025-09-26: hist_curr=2.0184, hist_prev=2.2022, hist_color=green, line_red=False, line_green=True
DEBUG 2025-09-29: hist_curr=1.6251, hist_prev=2.0184, hist_color=green, line_red=False, line_green=True
DEBUG 2025-09-30: hist_curr=1.1759, hist_prev=1.6251, hist_color=green, line_red=False, line_green=True
SELL SIGNAL: 2025-10-06 - hist=-0.1209, hist_prev=0.1736, hist_color=maroon
SELL SIGNAL: 2025-10-07 - hist=-0.4039, hist_prev=-0.1209, hist_color=maroon
SELL SIGNAL: 2025-10-08 - hist=-0.5056, hist_prev=-0.4039, hist_color=maroon
SELL SIGNAL: 2025-10-09 - hist=-0.8873, hist_prev=-0.5056, hist_color=maroon
SELL SIGNAL: 2025-10-10 - hist=-1.7941, hist_prev=-0.8873, hist_color=maroon
SELL SIGNAL: 2025-10-13 - hist=-2.2320, hist_prev=-1.7941, hist_color=maroon
SELL SIGNAL: 2025-10-14 - hist=-2.4728, hist_prev=-2.2320, hist_color=maroon
SELL SIGNAL: 2025-10-16 - hist=-2.4420, hist_prev=-2.4391, hist_color=maroon
BUY SIGNAL: 2025-10-21 - hist=0.0116, hist_prev=-0.8744, hist_color=lime
BUY SIGNAL: 2025-10-22 - hist=0.3223, hist_prev=0.0116, hist_color=lime
BUY SIGNAL: 2025-10-23 - hist=0.5253, hist_prev=0.3223, hist_color=lime
BUY SIGNAL: 2025-10-24 - hist=0.8024, hist_prev=0.5253, hist_color=lime
BUY SIGNAL: 2025-10-27 - hist=1.3014, hist_prev=0.8024, hist_color=lime
BUY SIGNAL: 2025-10-28 - hist=1.5186, hist_prev=1.3014, hist_color=lime
BUY SIGNAL: 2025-10-29 - hist=1.5302, hist_prev=1.5186, hist_color=lime
SELL SIGNAL: 2025-11-06 - hist=-0.0242, hist_prev=0.3258, hist_color=maroon
SELL SIGNAL: 2025-11-07 - hist=-0.3988, hist_prev=-0.0242, hist_color=maroon
SELL SIGNAL: 2025-11-10 - hist=-0.5965, hist_prev=-0.3988, hist_color=maroon
SELL SIGNAL: 2025-11-13 - hist=-0.3088, hist_prev=-0.2833, hist_color=maroon
SELL SIGNAL: 2025-11-14 - hist=-0.4004, hist_prev=-0.3088, hist_color=maroon
SELL SIGNAL: 2025-11-17 - hist=-0.8419, hist_prev=-0.4004, hist_color=maroon
SELL SIGNAL: 2025-11-18 - hist=-1.1582, hist_prev=-0.8419, hist_color=maroon
SELL SIGNAL: 2025-03-11 - hist=-3.1413, hist_prev=-2.4480, hist_color=maroon
SELL SIGNAL: 2025-03-12 - hist=-3.7760, hist_prev=-3.1413, hist_color=maroon
SELL SIGNAL: 2025-03-13 - hist=-4.5266, hist_prev=-3.7760, hist_color=maroon
SELL SIGNAL: 2025-03-14 - hist=-4.5434, hist_prev=-4.5266, hist_color=maroon
BUY SIGNAL: 2025-03-25 - hist=0.4995, hist_prev=-0.4709, hist_color=lime
BUY SIGNAL: 2025-03-26 - hist=0.9730, hist_prev=0.4995, hist_color=lime
BUY SIGNAL: 2025-03-27 - hist=1.4258, hist_prev=0.9730, hist_color=lime
BUY SIGNAL: 2025-03-31 - hist=1.3631, hist_prev=1.2569, hist_color=lime
BUY SIGNAL: 2025-04-01 - hist=1.4448, hist_prev=1.3631, hist_color=lime
BUY SIGNAL: 2025-04-02 - hist=1.4615, hist_prev=1.4448, hist_color=lime
SELL SIGNAL: 2025-04-03 - hist=-0.0545, hist_prev=1.4615, hist_color=maroon
SELL SIGNAL: 2025-04-04 - hist=-2.1333, hist_prev=-0.0545, hist_color=maroon
SELL SIGNAL: 2025-04-07 - hist=-3.9142, hist_prev=-2.1333, hist_color=maroon
SELL SIGNAL: 2025-04-08 - hist=-5.5498, hist_prev=-3.9142, hist_color=maroon
BUY SIGNAL: 2025-04-15 - hist=0.2233, hist_prev=-1.1609, hist_color=lime
BUY SIGNAL: 2025-04-16 - hist=0.7583, hist_prev=0.2233, hist_color=lime
BUY SIGNAL: 2025-04-17 - hist=1.3084, hist_prev=0.7583, hist_color=lime
BUY SIGNAL: 2025-04-21 - hist=1.3174, hist_prev=1.3084, hist_color=lime
BUY SIGNAL: 2025-04-22 - hist=1.5912, hist_prev=1.3174, hist_color=lime
BUY SIGNAL: 2025-04-23 - hist=2.1231, hist_prev=1.5912, hist_color=lime
BUY SIGNAL: 2025-04-24 - hist=2.6569, hist_prev=2.1231, hist_color=lime
BUY SIGNAL: 2025-04-25 - hist=3.0188, hist_prev=2.6569, hist_color=lime
BUY SIGNAL: 2025-04-28 - hist=3.2690, hist_prev=3.0188, hist_color=lime
BUY SIGNAL: 2025-04-29 - hist=3.4328, hist_prev=3.2690, hist_color=lime
BUY SIGNAL: 2025-04-30 - hist=3.4635, hist_prev=3.4328, hist_color=lime
SELL SIGNAL: 2025-05-07 - hist=-0.4319, hist_prev=0.3771, hist_color=maroon
SELL SIGNAL: 2025-05-08 - hist=-0.8581, hist_prev=-0.4319, hist_color=maroon
SELL SIGNAL: 2025-05-09 - hist=-0.9969, hist_prev=-0.8581, hist_color=maroon
BUY SIGNAL: 2025-05-13 - hist=0.7742, hist_prev=-0.0965, hist_color=lime
BUY SIGNAL: 2025-05-14 - hist=1.4061, hist_prev=0.7742, hist_color=lime
BUY SIGNAL: 2025-05-15 - hist=1.7587, hist_prev=1.4061, hist_color=lime
BUY SIGNAL: 2025-05-16 - hist=1.8881, hist_prev=1.7587, hist_color=lime
SELL SIGNAL: 2025-05-22 - hist=-0.2309, hist_prev=0.4681, hist_color=maroon
SELL SIGNAL: 2025-05-23 - hist=-1.1234, hist_prev=-0.2309, hist_color=maroon
SELL SIGNAL: 2025-05-27 - hist=-1.3040, hist_prev=-1.1234, hist_color=maroon
SELL SIGNAL: 2025-05-28 - hist=-1.3087, hist_prev=-1.3040, hist_color=maroon
BUY SIGNAL: 2025-06-04 - hist=0.0422, hist_prev=-0.2480, hist_color=lime
BUY SIGNAL: 2025-06-05 - hist=0.1013, hist_prev=0.0422, hist_color=lime
BUY SIGNAL: 2025-06-06 - hist=0.3317, hist_prev=0.1013, hist_color=lime
BUY SIGNAL: 2025-06-10 - hist=0.3506, hist_prev=0.3010, hist_color=lime
SELL SIGNAL: 2025-06-12 - hist=-0.0739, hist_prev=0.0862, hist_color=maroon
SELL SIGNAL: 2025-06-13 - hist=-0.3710, hist_prev=-0.0739, hist_color=maroon
SELL SIGNAL: 2025-06-16 - hist=-0.3998, hist_prev=-0.3710, hist_color=maroon
SELL SIGNAL: 2025-06-17 - hist=-0.5756, hist_prev=-0.3998, hist_color=maroon
SELL SIGNAL: 2025-06-18 - hist=-0.5961, hist_prev=-0.5756, hist_color=maroon
BUY SIGNAL: 2025-06-23 - hist=0.1029, hist_prev=-0.2277, hist_color=lime
BUY SIGNAL: 2025-06-24 - hist=0.2861, hist_prev=0.1029, hist_color=lime
BUY SIGNAL: 2025-06-25 - hist=0.5022, hist_prev=0.2861, hist_color=lime
BUY SIGNAL: 2025-06-26 - hist=0.6052, hist_prev=0.5022, hist_color=lime
BUY SIGNAL: 2025-06-27 - hist=0.6444, hist_prev=0.6052, hist_color=lime
BUY SIGNAL: 2025-06-30 - hist=0.9337, hist_prev=0.6444, hist_color=lime
DEBUG 2025-07-01: hist_curr=1.2530, hist_prev=0.9337, hist_color=lime, line_red=False, line_green=True
BUY SIGNAL: 2025-07-01 - hist=1.2530, hist_prev=0.9337, hist_color=lime
DEBUG 2025-07-02: hist_curr=1.7163, hist_prev=1.2530, hist_color=lime, line_red=False, line_green=True
BUY SIGNAL: 2025-07-02 - hist=1.7163, hist_prev=1.2530, hist_color=lime
DEBUG 2025-07-03: hist_curr=2.0371, hist_prev=1.7163, hist_color=lime, line_red=False, line_green=True
BUY SIGNAL: 2025-07-03 - hist=2.0371, hist_prev=1.7163, hist_color=lime
DEBUG 2025-07-07: hist_curr=1.9039, hist_prev=2.0371, hist_color=green, line_red=False, line_green=True
DEBUG 2025-07-08: hist_curr=1.6967, hist_prev=1.9039, hist_color=green, line_red=False, line_green=True
DEBUG 2025-07-09: hist_curr=1.5203, hist_prev=1.6967, hist_color=green, line_red=False, line_green=True
DEBUG 2025-07-10: hist_curr=1.3649, hist_prev=1.5203, hist_color=green, line_red=False, line_green=True
DEBUG 2025-07-11: hist_curr=1.0390, hist_prev=1.3649, hist_color=green, line_red=False, line_green=True
DEBUG 2025-07-14: hist_curr=0.5391, hist_prev=1.0390, hist_color=green, line_red=False, line_green=True
DEBUG 2025-07-15: hist_curr=0.1688, hist_prev=0.5391, hist_color=green, line_red=False, line_green=True
DEBUG 2025-07-16: hist_curr=-0.0194, hist_prev=0.1688, hist_color=maroon, line_red=True, line_green=False
SELL SIGNAL: 2025-07-16 - hist=-0.0194, hist_prev=0.1688, hist_color=maroon
DEBUG 2025-07-17: hist_curr=-0.1466, hist_prev=-0.0194, hist_color=maroon, line_red=True, line_green=False
SELL SIGNAL: 2025-07-17 - hist=-0.1466, hist_prev=-0.0194, hist_color=maroon
DEBUG 2025-07-18: hist_curr=-0.1631, hist_prev=-0.1466, hist_color=maroon, line_red=True, line_green=False
SELL SIGNAL: 2025-07-18 - hist=-0.1631, hist_prev=-0.1466, hist_color=maroon
DEBUG 2025-07-21: hist_curr=-0.0925, hist_prev=-0.1631, hist_color=red, line_red=True, line_green=False
DEBUG 2025-07-22: hist_curr=0.0878, hist_prev=-0.0925, hist_color=lime, line_red=False, line_green=True
BUY SIGNAL: 2025-07-22 - hist=0.0878, hist_prev=-0.0925, hist_color=lime
DEBUG 2025-07-23: hist_curr=0.1928, hist_prev=0.0878, hist_color=lime, line_red=False, line_green=True
BUY SIGNAL: 2025-07-23 - hist=0.1928, hist_prev=0.0878, hist_color=lime
DEBUG 2025-07-24: hist_curr=0.2189, hist_prev=0.1928, hist_color=lime, line_red=False, line_green=True
BUY SIGNAL: 2025-07-24 - hist=0.2189, hist_prev=0.1928, hist_color=lime
DEBUG 2025-07-25: hist_curr=0.1998, hist_prev=0.2189, hist_color=green, line_red=False, line_green=True
DEBUG 2025-07-28: hist_curr=0.1524, hist_prev=0.1998, hist_color=green, line_red=False, line_green=True
DEBUG 2025-07-29: hist_curr=-0.1176, hist_prev=0.1524, hist_color=maroon, line_red=True, line_green=False
SELL SIGNAL: 2025-07-29 - hist=-0.1176, hist_prev=0.1524, hist_color=maroon
DEBUG 2025-07-30: hist_curr=-0.4959, hist_prev=-0.1176, hist_color=maroon, line_red=True, line_green=False
SELL SIGNAL: 2025-07-30 - hist=-0.4959, hist_prev=-0.1176, hist_color=maroon
DEBUG 2025-07-31: hist_curr=-0.8725, hist_prev=-0.4959, hist_color=maroon, line_red=True, line_green=False
SELL SIGNAL: 2025-07-31 - hist=-0.8725, hist_prev=-0.4959, hist_color=maroon
DEBUG 2025-08-01: hist_curr=-1.4815, hist_prev=-0.8725, hist_color=maroon, line_red=True, line_green=False
SELL SIGNAL: 2025-08-01 - hist=-1.4815, hist_prev=-0.8725, hist_color=maroon
DEBUG 2025-08-04: hist_curr=-1.7668, hist_prev=-1.4815, hist_color=maroon, line_red=True, line_green=False
SELL SIGNAL: 2025-08-04 - hist=-1.7668, hist_prev=-1.4815, hist_color=maroon
DEBUG 2025-08-05: hist_curr=-1.9050, hist_prev=-1.7668, hist_color=maroon, line_red=True, line_green=False
SELL SIGNAL: 2025-08-05 - hist=-1.9050, hist_prev=-1.7668, hist_color=maroon
DEBUG 2025-08-06: hist_curr=-1.1648, hist_prev=-1.9050, hist_color=red, line_red=True, line_green=False
DEBUG 2025-08-07: hist_curr=-0.0863, hist_prev=-1.1648, hist_color=red, line_red=True, line_green=False
DEBUG 2025-08-08: hist_curr=1.3663, hist_prev=-0.0863, hist_color=lime, line_red=False, line_green=True
BUY SIGNAL: 2025-08-08 - hist=1.3663, hist_prev=-0.0863, hist_color=lime
DEBUG 2025-08-11: hist_curr=2.1935, hist_prev=1.3663, hist_color=lime, line_red=False, line_green=True
BUY SIGNAL: 2025-08-11 - hist=2.1935, hist_prev=1.3663, hist_color=lime
DEBUG 2025-08-12: hist_curr=2.8290, hist_prev=2.1935, hist_color=lime, line_red=False, line_green=True
BUY SIGNAL: 2025-08-12 - hist=2.8290, hist_prev=2.1935, hist_color=lime
DEBUG 2025-08-13: hist_curr=3.3577, hist_prev=2.8290, hist_color=lime, line_red=False, line_green=True
BUY SIGNAL: 2025-08-13 - hist=3.3577, hist_prev=2.8290, hist_color=lime
DEBUG 2025-08-14: hist_curr=3.4187, hist_prev=3.3577, hist_color=lime, line_red=False, line_green=True
BUY SIGNAL: 2025-08-14 - hist=3.4187, hist_prev=3.3577, hist_color=lime
DEBUG 2025-08-15: hist_curr=3.0805, hist_prev=3.4187, hist_color=green, line_red=False, line_green=True
DEBUG 2025-08-18: hist_curr=2.4750, hist_prev=3.0805, hist_color=green, line_red=False, line_green=True
DEBUG 2025-08-19: hist_curr=1.7906, hist_prev=2.4750, hist_color=green, line_red=False, line_green=True
DEBUG 2025-08-20: hist_curr=0.8162, hist_prev=1.7906, hist_color=green, line_red=False, line_green=True
DEBUG 2025-08-21: hist_curr=-0.0078, hist_prev=0.8162, hist_color=maroon, line_red=True, line_green=False
SELL SIGNAL: 2025-08-21 - hist=-0.0078, hist_prev=0.8162, hist_color=maroon
DEBUG 2025-08-22: hist_curr=-0.4305, hist_prev=-0.0078, hist_color=maroon, line_red=True, line_green=False
SELL SIGNAL: 2025-08-22 - hist=-0.4305, hist_prev=-0.0078, hist_color=maroon
DEBUG 2025-08-25: hist_curr=-0.7826, hist_prev=-0.4305, hist_color=maroon, line_red=True, line_green=False
SELL SIGNAL: 2025-08-25 - hist=-0.7826, hist_prev=-0.4305, hist_color=maroon
DEBUG 2025-08-26: hist_curr=-0.8426, hist_prev=-0.7826, hist_color=maroon, line_red=True, line_green=False
SELL SIGNAL: 2025-08-26 - hist=-0.8426, hist_prev=-0.7826, hist_color=maroon
DEBUG 2025-08-27: hist_curr=-0.7656, hist_prev=-0.8426, hist_color=red, line_red=True, line_green=False
DEBUG 2025-08-28: hist_curr=-0.5403, hist_prev=-0.7656, hist_color=red, line_red=True, line_green=False
DEBUG 2025-08-29: hist_curr=-0.4021, hist_prev=-0.5403, hist_color=red, line_red=True, line_green=False
DEBUG 2025-09-02: hist_curr=-0.4746, hist_prev=-0.4021, hist_color=maroon, line_red=True, line_green=False
SELL SIGNAL: 2025-09-02 - hist=-0.4746, hist_prev=-0.4021, hist_color=maroon
DEBUG 2025-09-03: hist_curr=0.0609, hist_prev=-0.4746, hist_color=lime, line_red=False, line_green=True
BUY SIGNAL: 2025-09-03 - hist=0.0609, hist_prev=-0.4746, hist_color=lime
DEBUG 2025-09-04: hist_curr=0.4524, hist_prev=0.0609, hist_color=lime, line_red=False, line_green=True
BUY SIGNAL: 2025-09-04 - hist=0.4524, hist_prev=0.0609, hist_color=lime
DEBUG 2025-09-05: hist_curr=0.6412, hist_prev=0.4524, hist_color=lime, line_red=False, line_green=True
BUY SIGNAL: 2025-09-05 - hist=0.6412, hist_prev=0.4524, hist_color=lime
DEBUG 2025-09-08: hist_curr=0.5427, hist_prev=0.6412, hist_color=green, line_red=False, line_green=True
DEBUG 2025-09-09: hist_curr=0.1333, hist_prev=0.5427, hist_color=green, line_red=False, line_green=True
DEBUG 2025-09-10: hist_curr=-0.7587, hist_prev=0.1333, hist_color=maroon, line_red=True, line_green=False
SELL SIGNAL: 2025-09-10 - hist=-0.7587, hist_prev=0.1333, hist_color=maroon
DEBUG 2025-09-11: hist_curr=-1.1683, hist_prev=-0.7587, hist_color=maroon, line_red=True, line_green=False
SELL SIGNAL: 2025-09-11 - hist=-1.1683, hist_prev=-0.7587, hist_color=maroon
DEBUG 2025-09-12: hist_curr=-1.1710, hist_prev=-1.1683, hist_color=maroon, line_red=True, line_green=False
SELL SIGNAL: 2025-09-12 - hist=-1.1710, hist_prev=-1.1683, hist_color=maroon
DEBUG 2025-09-15: hist_curr=-1.0120, hist_prev=-1.1710, hist_color=red, line_red=True, line_green=False
DEBUG 2025-09-16: hist_curr=-0.7574, hist_prev=-1.0120, hist_color=red, line_red=True, line_green=False
DEBUG 2025-09-17: hist_curr=-0.4755, hist_prev=-0.7574, hist_color=red, line_red=True, line_green=False
DEBUG 2025-09-18: hist_curr=-0.3216, hist_prev=-0.4755, hist_color=red, line_red=True, line_green=False
DEBUG 2025-09-19: hist_curr=0.3425, hist_prev=-0.3216, hist_color=lime, line_red=False, line_green=True
BUY SIGNAL: 2025-09-19 - hist=0.3425, hist_prev=-0.3216, hist_color=lime
DEBUG 2025-09-22: hist_curr=1.5096, hist_prev=0.3425, hist_color=lime, line_red=False, line_green=True
BUY SIGNAL: 2025-09-22 - hist=1.5096, hist_prev=0.3425, hist_color=lime
DEBUG 2025-09-23: hist_curr=2.0305, hist_prev=1.5096, hist_color=lime, line_red=False, line_green=True
BUY SIGNAL: 2025-09-23 - hist=2.0305, hist_prev=1.5096, hist_color=lime
DEBUG 2025-09-24: hist_curr=2.0493, hist_prev=2.0305, hist_color=lime, line_red=False, line_green=True
BUY SIGNAL: 2025-09-24 - hist=2.0493, hist_prev=2.0305, hist_color=lime
DEBUG 2025-09-25: hist_curr=2.2022, hist_prev=2.0493, hist_color=lime, line_red=False, line_green=True
BUY SIGNAL: 2025-09-25 - hist=2.2022, hist_prev=2.0493, hist_color=lime
DEBUG 2025-09-26: hist_curr=2.0184, hist_prev=2.2022, hist_color=green, line_red=False, line_green=True
DEBUG 2025-09-29: hist_curr=1.6251, hist_prev=2.0184, hist_color=green, line_red=False, line_green=True
DEBUG 2025-09-30: hist_curr=1.1759, hist_prev=1.6251, hist_color=green, line_red=False, line_green=True
SELL SIGNAL: 2025-10-06 - hist=-0.1209, hist_prev=0.1736, hist_color=maroon
SELL SIGNAL: 2025-10-07 - hist=-0.4039, hist_prev=-0.1209, hist_color=maroon
SELL SIGNAL: 2025-10-08 - hist=-0.5056, hist_prev=-0.4039, hist_color=maroon
SELL SIGNAL: 2025-10-09 - hist=-0.8873, hist_prev=-0.5056, hist_color=maroon
SELL SIGNAL: 2025-10-10 - hist=-1.7941, hist_prev=-0.8873, hist_color=maroon
SELL SIGNAL: 2025-10-13 - hist=-2.2320, hist_prev=-1.7941, hist_color=maroon
SELL SIGNAL: 2025-10-14 - hist=-2.4728, hist_prev=-2.2320, hist_color=maroon
SELL SIGNAL: 2025-10-16 - hist=-2.4420, hist_prev=-2.4391, hist_color=maroon
BUY SIGNAL: 2025-10-21 - hist=0.0116, hist_prev=-0.8744, hist_color=lime
BUY SIGNAL: 2025-10-22 - hist=0.3223, hist_prev=0.0116, hist_color=lime
BUY SIGNAL: 2025-10-23 - hist=0.5253, hist_prev=0.3223, hist_color=lime
BUY SIGNAL: 2025-10-24 - hist=0.8024, hist_prev=0.5253, hist_color=lime
BUY SIGNAL: 2025-10-27 - hist=1.3014, hist_prev=0.8024, hist_color=lime
BUY SIGNAL: 2025-10-28 - hist=1.5186, hist_prev=1.3014, hist_color=lime
BUY SIGNAL: 2025-10-29 - hist=1.5302, hist_prev=1.5186, hist_color=lime
SELL SIGNAL: 2025-11-06 - hist=-0.0242, hist_prev=0.3258, hist_color=maroon
SELL SIGNAL: 2025-11-07 - hist=-0.3988, hist_prev=-0.0242, hist_color=maroon
SELL SIGNAL: 2025-11-10 - hist=-0.5965, hist_prev=-0.3988, hist_color=maroon
SELL SIGNAL: 2025-11-13 - hist=-0.3088, hist_prev=-0.2833, hist_color=maroon
SELL SIGNAL: 2025-11-14 - hist=-0.4004, hist_prev=-0.3088, hist_color=maroon
SELL SIGNAL: 2025-11-17 - hist=-0.8419, hist_prev=-0.4004, hist_color=maroon
SELL SIGNAL: 2025-11-18 - hist=-1.1582, hist_prev=-0.8419, hist_color=maroon
